<?xml version="1.0" encoding="UTF-8"?>
<testng-results skipped="0" failed="1" ignored="0" total="1" passed="0">
  <reporter-output>
  </reporter-output>
  <suite name="Default suite" duration-ms="72043" started-at="2019-09-17T17:22:44Z" finished-at="2019-09-17T17:23:56Z">
    <groups>
      <group name="transferencia">
        <method signature="TesteAberturaECredenciamento.testeClassico(cucumber.api.testng.CucumberFeatureWrapper)[pri:0, instance:br.com.safra.app.teste.aberturaecredenciamento.TesteAberturaECredenciamento@331acdad]" name="testeClassico" class="br.com.safra.app.teste.aberturaecredenciamento.TesteAberturaECredenciamento"/>
      </group> <!-- transferencia -->
      <group name="safra">
        <method signature="TesteAberturaECredenciamento.testeClassico(cucumber.api.testng.CucumberFeatureWrapper)[pri:0, instance:br.com.safra.app.teste.aberturaecredenciamento.TesteAberturaECredenciamento@331acdad]" name="testeClassico" class="br.com.safra.app.teste.aberturaecredenciamento.TesteAberturaECredenciamento"/>
      </group> <!-- safra -->
      <group name="transacional">
        <method signature="TesteAberturaECredenciamento.testeClassico(cucumber.api.testng.CucumberFeatureWrapper)[pri:0, instance:br.com.safra.app.teste.aberturaecredenciamento.TesteAberturaECredenciamento@331acdad]" name="testeClassico" class="br.com.safra.app.teste.aberturaecredenciamento.TesteAberturaECredenciamento"/>
      </group> <!-- transacional -->
    </groups>
    <test name="Default test" duration-ms="72043" started-at="2019-09-17T17:22:44Z" finished-at="2019-09-17T17:23:56Z">
      <class name="br.com.safra.app.teste.aberturaecredenciamento.TesteAberturaECredenciamento">
        <test-method status="PASS" signature="testSetUp()[pri:0, instance:br.com.safra.app.teste.aberturaecredenciamento.TesteAberturaECredenciamento@331acdad]" name="testSetUp" is-config="true" duration-ms="78" started-at="2019-09-17T14:22:44Z" finished-at="2019-09-17T14:22:44Z">
          <reporter-output>
          </reporter-output>
        </test-method> <!-- testSetUp -->
        <test-method status="PASS" signature="setUpClass(org.testng.xml.XmlTest)[pri:0, instance:br.com.safra.app.teste.aberturaecredenciamento.TesteAberturaECredenciamento@331acdad]" name="setUpClass" is-config="true" duration-ms="219" started-at="2019-09-17T14:22:44Z" finished-at="2019-09-17T14:22:44Z">
          <params>
            <param index="0">
              <value>
                <![CDATA[[Test: "Default test" verbose:2[parameters:][metagroups:] [included: ][excluded: ]  classes: packages:] ]]>
              </value>
            </param>
          </params>
          <reporter-output>
          </reporter-output>
        </test-method> <!-- setUpClass -->
        <test-method status="FAIL" signature="testeClassico(cucumber.api.testng.CucumberFeatureWrapper)[pri:0, instance:br.com.safra.app.teste.aberturaecredenciamento.TesteAberturaECredenciamento@331acdad]" name="testeClassico" duration-ms="71637" started-at="2019-09-17T14:22:45Z" description="Test_0001" data-provider="features" finished-at="2019-09-17T14:23:56Z">
          <params>
            <param index="0">
              <value>
                <![CDATA[Abertura e Credenciamento]]>
              </value>
            </param>
          </params>
          <exception class="cucumber.runtime.CucumberException">
            <message>
              <![CDATA[java.lang.NullPointerException]]>
            </message>
            <full-stacktrace>
              <![CDATA[cucumber.runtime.CucumberException: java.lang.NullPointerException
	at cucumber.api.testng.TestNGCucumberRunner.runCucumber(TestNGCucumberRunner.java:69)
	at br.com.safra.app.teste.aberturaecredenciamento.TesteAberturaECredenciamento.testeClassico(TesteAberturaECredenciamento.java:31)
	at sun.reflect.NativeMethodAccessorImpl.invoke0(Native Method)
	at sun.reflect.NativeMethodAccessorImpl.invoke(Unknown Source)
	at sun.reflect.DelegatingMethodAccessorImpl.invoke(Unknown Source)
	at java.lang.reflect.Method.invoke(Unknown Source)
	at org.testng.internal.MethodInvocationHelper.invokeMethod(MethodInvocationHelper.java:108)
	at org.testng.internal.Invoker.invokeMethod(Invoker.java:661)
	at org.testng.internal.Invoker.invokeTestMethod(Invoker.java:869)
	at org.testng.internal.Invoker.invokeTestMethods(Invoker.java:1193)
	at org.testng.internal.TestMethodWorker.invokeTestMethods(TestMethodWorker.java:126)
	at org.testng.internal.TestMethodWorker.run(TestMethodWorker.java:109)
	at org.testng.TestRunner.privateRun(TestRunner.java:744)
	at org.testng.TestRunner.run(TestRunner.java:602)
	at org.testng.SuiteRunner.runTest(SuiteRunner.java:380)
	at org.testng.SuiteRunner.runSequentially(SuiteRunner.java:375)
	at org.testng.SuiteRunner.privateRun(SuiteRunner.java:340)
	at org.testng.SuiteRunner.run(SuiteRunner.java:289)
	at org.testng.SuiteRunnerWorker.runSuite(SuiteRunnerWorker.java:52)
	at org.testng.SuiteRunnerWorker.run(SuiteRunnerWorker.java:86)
	at org.testng.TestNG.runSuitesSequentially(TestNG.java:1301)
	at org.testng.TestNG.runSuitesLocally(TestNG.java:1226)
	at org.testng.TestNG.runSuites(TestNG.java:1144)
	at org.testng.TestNG.run(TestNG.java:1115)
	at org.testng.remote.AbstractRemoteTestNG.run(AbstractRemoteTestNG.java:115)
	at org.testng.remote.RemoteTestNG.initAndRun(RemoteTestNG.java:251)
	at org.testng.remote.RemoteTestNG.main(RemoteTestNG.java:77)
Caused by: java.lang.NullPointerException
	at br.com.safra.automation.selenium.web.utils.ScreenshotUtil.pegarNomeDaExecucao(ScreenshotUtil.java:104)
	at br.com.safra.automation.selenium.web.utils.ScreenshotUtil.capturaTela(ScreenshotUtil.java:55)
	at br.com.safra.app.teste_geral.Login.preenchAConta(Login.java:27)
	at ✽.E Preencho a 'conta'(src/main/java/br/com/safra/app/teste/aberturaecredenciamento/AberturaECredenciamento.feature:12)
]]>
            </full-stacktrace>
          </exception> <!-- cucumber.runtime.CucumberException -->
          <reporter-output>
          </reporter-output>
        </test-method> <!-- testeClassico -->
        <test-method status="PASS" signature="tearDownClass()[pri:0, instance:br.com.safra.app.teste.aberturaecredenciamento.TesteAberturaECredenciamento@331acdad]" name="tearDownClass" is-config="true" duration-ms="15" started-at="2019-09-17T14:23:56Z" finished-at="2019-09-17T14:23:56Z">
          <reporter-output>
          </reporter-output>
        </test-method> <!-- tearDownClass -->
      </class> <!-- br.com.safra.app.teste.aberturaecredenciamento.TesteAberturaECredenciamento -->
    </test> <!-- Default test -->
  </suite> <!-- Default suite -->
</testng-results>
